Unity Editor version:    2021.3.10f1 (1c7d0df0160b)
Branch:                  2021.3/staging
Build type:              Release
Batch mode:              YES
macOS version:           Version 12.6 (Build 21G115)
Darwin version:          21.6.0
Architecture:            arm64
Running under Rosetta:   NO
Available memory:        8192 MB
Using pre-set license
Pro License: YES

COMMAND LINE ARGUMENTS:
/Applications/Unity/Hub/Editor/2021.3.10f1/Unity.app/Contents/MacOS/Unity
-adb2
-batchMode
-noUpm
-name
AssetImportWorker1
-projectPath
/Users/yuriipolishchuk/Downloads/3D_lab5
-logFile
Logs/AssetImportWorker1.log
-srvPort
59018
Successfully changed project path to: /Users/yuriipolishchuk/Downloads/3D_lab5
/Users/yuriipolishchuk/Downloads/3D_lab5
[UnityMemory] Configuration Parameters - Can be set up in boot.config
    "memorysetup-bucket-allocator-granularity=16"
    "memorysetup-bucket-allocator-bucket-count=8"
    "memorysetup-bucket-allocator-block-size=33554432"
    "memorysetup-bucket-allocator-block-count=8"
    "memorysetup-main-allocator-block-size=16777216"
    "memorysetup-thread-allocator-block-size=16777216"
    "memorysetup-gfx-main-allocator-block-size=16777216"
    "memorysetup-gfx-thread-allocator-block-size=16777216"
    "memorysetup-cache-allocator-block-size=4194304"
    "memorysetup-typetree-allocator-block-size=2097152"
    "memorysetup-profiler-bucket-allocator-granularity=16"
    "memorysetup-profiler-bucket-allocator-bucket-count=8"
    "memorysetup-profiler-bucket-allocator-block-size=33554432"
    "memorysetup-profiler-bucket-allocator-block-count=8"
    "memorysetup-profiler-allocator-block-size=16777216"
    "memorysetup-profiler-editor-allocator-block-size=1048576"
    "memorysetup-temp-allocator-size-main=16777216"
    "memorysetup-job-temp-allocator-block-size=2097152"
    "memorysetup-job-temp-allocator-block-size-background=1048576"
    "memorysetup-job-temp-allocator-reduction-small-platforms=262144"
    "memorysetup-temp-allocator-size-background-worker=32768"
    "memorysetup-temp-allocator-size-job-worker=262144"
    "memorysetup-temp-allocator-size-preload-manager=33554432"
    "memorysetup-temp-allocator-size-nav-mesh-worker=65536"
    "memorysetup-temp-allocator-size-audio-worker=65536"
    "memorysetup-temp-allocator-size-cloud-worker=32768"
    "memorysetup-temp-allocator-size-gi-baking-worker=262144"
    "memorysetup-temp-allocator-size-gfx=262144"
Refreshing native plugins compatible for Editor in 42.05 ms, found 2 plugins.
Preloading 0 native plugins for Editor in 0.00 ms.
Initialize engine version: 2021.3.10f1 (1c7d0df0160b)
[Subsystems] Discovering subsystems at path /Applications/Unity/Hub/Editor/2021.3.10f1/Unity.app/Contents/Resources/UnitySubsystems
[Subsystems] Discovering subsystems at path /Users/yuriipolishchuk/Downloads/3D_lab5/Assets
GfxDevice: creating device client; threaded=0; jobified=0
 preferred device: Apple M1 (high power)
Metal devices available: 1
0: Apple M1 (high power)
Using device Apple M1 (high power)
Initializing Metal device caps: Apple M1
Initialize mono
Mono path[0] = '/Applications/Unity/Hub/Editor/2021.3.10f1/Unity.app/Contents/Managed'
Mono path[1] = '/Applications/Unity/Hub/Editor/2021.3.10f1/Unity.app/Contents/MonoBleedingEdge/lib/mono/unityjit-macos'
Mono config path = '/Applications/Unity/Hub/Editor/2021.3.10f1/Unity.app/Contents/MonoBleedingEdge/etc'
Using monoOptions --debugger-agent=transport=dt_socket,embedding=1,server=y,suspend=n,address=127.0.0.1:56816
Begin MonoManager ReloadAssembly
Registering precompiled unity dll's ...
Register platform support module: /Applications/Unity/Hub/Editor/2021.3.10f1/PlaybackEngines/WebGLSupport/UnityEditor.WebGL.Extensions.dll
Register platform support module: /Applications/Unity/Hub/Editor/2021.3.10f1/Unity.app/Contents/PlaybackEngines/MacStandaloneSupport/UnityEditor.OSXStandalone.Extensions.dll
Registered in 0.001917 seconds.
Native extension for OSXStandalone target not found
Native extension for WebGL target not found
Refreshing native plugins compatible for Editor in 42.77 ms, found 2 plugins.
Preloading 0 native plugins for Editor in 0.00 ms.
Mono: successfully reloaded assembly
- Completed reload, in  0.701 seconds
Domain Reload Profiling:
	ReloadAssembly (702ms)
		BeginReloadAssembly (103ms)
			ExecutionOrderSort (0ms)
			DisableScriptedObjects (0ms)
			BackupInstance (0ms)
			ReleaseScriptingObjects (0ms)
			CreateAndSetChildDomain (1ms)
		EndReloadAssembly (467ms)
			LoadAssemblies (104ms)
			RebuildTransferFunctionScriptingTraits (0ms)
			SetupTypeCache (131ms)
			ReleaseScriptCaches (0ms)
			RebuildScriptCaches (38ms)
			SetupLoadedEditorAssemblies (249ms)
				LogAssemblyErrors (0ms)
				InitializePlatformSupportModulesInManaged (8ms)
				SetLoadedEditorAssemblies (0ms)
				RefreshPlugins (43ms)
				BeforeProcessingInitializeOnLoad (1ms)
				ProcessInitializeOnLoadAttributes (148ms)
				ProcessInitializeOnLoadMethodAttributes (49ms)
				AfterProcessingInitializeOnLoad (0ms)
				EditorAssembliesLoaded (0ms)
			ExecutionOrderSort2 (0ms)
			AwakeInstancesAfterBackupRestoration (0ms)
Platform modules already initialized, skipping
Registering precompiled user dll's ...
Registered in 0.003435 seconds.
Begin MonoManager ReloadAssembly
Native extension for OSXStandalone target not found
Native extension for WebGL target not found
Refreshing native plugins compatible for Editor in 0.32 ms, found 2 plugins.
Preloading 0 native plugins for Editor in 0.00 ms.
Mono: successfully reloaded assembly
- Completed reload, in  0.930 seconds
Domain Reload Profiling:
	ReloadAssembly (931ms)
		BeginReloadAssembly (100ms)
			ExecutionOrderSort (0ms)
			DisableScriptedObjects (5ms)
			BackupInstance (0ms)
			ReleaseScriptingObjects (0ms)
			CreateAndSetChildDomain (24ms)
		EndReloadAssembly (702ms)
			LoadAssemblies (62ms)
			RebuildTransferFunctionScriptingTraits (0ms)
			SetupTypeCache (212ms)
			ReleaseScriptCaches (0ms)
			RebuildScriptCaches (56ms)
			SetupLoadedEditorAssemblies (320ms)
				LogAssemblyErrors (0ms)
				InitializePlatformSupportModulesInManaged (5ms)
				SetLoadedEditorAssemblies (0ms)
				RefreshPlugins (0ms)
				BeforeProcessingInitializeOnLoad (52ms)
				ProcessInitializeOnLoadAttributes (227ms)
				ProcessInitializeOnLoadMethodAttributes (33ms)
				AfterProcessingInitializeOnLoad (1ms)
				EditorAssembliesLoaded (0ms)
			ExecutionOrderSort2 (0ms)
			AwakeInstancesAfterBackupRestoration (4ms)
Platform modules already initialized, skipping
========================================================================
Worker process is ready to serve import requests
Launching external process: /Applications/Unity/Hub/Editor/2021.3.10f1/Unity.app/Contents/Tools/UnityShaderCompiler
Launched and connected shader compiler UnityShaderCompiler after 0.09 seconds
Refreshing native plugins compatible for Editor in 0.31 ms, found 2 plugins.
Preloading 0 native plugins for Editor in 0.00 ms.
Unloading 1688 Unused Serialized files (Serialized files now loaded: 0)
Unloading 19 unused Assets / (36.2 KB). Loaded Objects now: 2153.
Memory consumption went from 161.5 MB to 161.4 MB.
Total: 3.397333 ms (FindLiveObjects: 0.092583 ms CreateObjectMapping: 0.035417 ms MarkObjects: 3.189500 ms  DeleteObjects: 0.078625 ms)

AssetImportParameters requested are different than current active one (requested -> active):
  custom:video-decoder-ogg-theora: a1e56fd34408186e4bbccfd4996cb3dc -> 
  custom:container-muxer-webm: aa71ff27fc2769a1b78a27578f13a17b -> 
  custom:container-demuxer-webm: 4f35f7cbe854078d1ac9338744f61a02 -> 
  custom:video-encoder-webm-vp8: eb34c28f22e8b96e1ab97ce403110664 -> 
  custom:framework-osx-AVFoundation: e770b220cccbd017edd2c1fefb359320 -> 
  custom:audio-encoder-webm-vorbis: bf7c407c2cedff20999df2af8eb42d56 -> 
  custom:container-demuxer-ogg: 62fdf1f143b41e24485cea50d1cbac27 -> 
  custom:video-decoder-webm-vp8: 9c59270c3fd7afecdb556c50c9e8de78 -> 
  custom:audio-decoder-ogg-vorbis: bf7c407c2cedff20999df2af8eb42d56 -> 
========================================================================
Received Import Request.
  Time since last request: 276867.921697 seconds.
  path: Assets/Player Animation.controller
  artifactKey: Guid(98ec050953bb6a941bffd888eaf55240) Importer(815301076,1909f56bfc062723c751e8b465ee728b)
Start importing Assets/Player Animation.controller using Guid(98ec050953bb6a941bffd888eaf55240) Importer(815301076,1909f56bfc062723c751e8b465ee728b)  -> (artifact id: 'd00d8e11ad63d3a93bd5cbf18cb8261c') in 0.204082 seconds 
========================================================================
Received Import Request.
  Time since last request: 307.172099 seconds.
  path: Assets/SimpleSkeletonFree/mesh/SKELETON.FBX
  artifactKey: Guid(a58154c350c4ccf47a6cdad03a8dca1a) Importer(815301076,1909f56bfc062723c751e8b465ee728b)
Start importing Assets/SimpleSkeletonFree/mesh/SKELETON.FBX using Guid(a58154c350c4ccf47a6cdad03a8dca1a) Importer(815301076,1909f56bfc062723c751e8b465ee728b)  -> (artifact id: '2f7bda6181ab2813a2164829c4330f97') in 1.225370 seconds 
========================================================================
Received Import Request.
  Time since last request: 0.038656 seconds.
  path: Assets/SimpleSkeletonFree/animation/skeleton@Fall1.FBX
  artifactKey: Guid(11eebf6d9775b9f4dae0fcdb25f3d1b3) Importer(815301076,1909f56bfc062723c751e8b465ee728b)
Start importing Assets/SimpleSkeletonFree/animation/skeleton@Fall1.FBX using Guid(11eebf6d9775b9f4dae0fcdb25f3d1b3) Importer(815301076,1909f56bfc062723c751e8b465ee728b)  -> (artifact id: '1bdd36a8d611487d7372e3fee2ea56a5') in 0.034057 seconds 
========================================================================
Received Import Request.
  Time since last request: 0.000073 seconds.
  path: Assets/SimpleSkeletonFree/animation/skeleton@Walk 1.FBX
  artifactKey: Guid(8ac2b1e2ecba486468e85353e3ebc0c0) Importer(815301076,1909f56bfc062723c751e8b465ee728b)
Start importing Assets/SimpleSkeletonFree/animation/skeleton@Walk 1.FBX using Guid(8ac2b1e2ecba486468e85353e3ebc0c0) Importer(815301076,1909f56bfc062723c751e8b465ee728b)  -> (artifact id: '1e520ea767d0b334afe6e65254190395') in 0.031189 seconds 
========================================================================
Received Import Request.
  Time since last request: 0.000056 seconds.
  path: Assets/SimpleSkeletonFree/animation/skeleton@Idle1.FBX
  artifactKey: Guid(565d7bdee9496b847a3b218355dff0d9) Importer(815301076,1909f56bfc062723c751e8b465ee728b)
Start importing Assets/SimpleSkeletonFree/animation/skeleton@Idle1.FBX using Guid(565d7bdee9496b847a3b218355dff0d9) Importer(815301076,1909f56bfc062723c751e8b465ee728b)  -> (artifact id: '1ec8aaba6f3a2eec22ece0c7093f2f00') in 0.036564 seconds 
========================================================================
Received Import Request.
  Time since last request: 0.000062 seconds.
  path: Assets/SimpleSkeletonFree/animation/skeleton@Hit1.FBX
  artifactKey: Guid(e33de6a369f8fd74b8f251ebba2f8c41) Importer(815301076,1909f56bfc062723c751e8b465ee728b)
Start importing Assets/SimpleSkeletonFree/animation/skeleton@Hit1.FBX using Guid(e33de6a369f8fd74b8f251ebba2f8c41) Importer(815301076,1909f56bfc062723c751e8b465ee728b)  -> (artifact id: '6ef3c18e006106b2a59ac7053dd91783') in 0.034305 seconds 
